player: Pawn 2c 4c
computer: Pawn 7a 5a
player: Pawn 2b 4b
computer: Pawn 5a 4b
player: Pawn 2a 3a
computer: Pawn 7g 5g
player: Bishop 1c 2b
computer: Pawn 7f 6f
player: Pawn 3a 4b
computer: Rook 8a 6a
player: Rook 1a 6a
computer: Knight 8b 6a
player: Pawn 4b 5b
computer: Knight 6a 4b
player: Bishop 2b 3c
computer: Pawn 7e 6e
player: Knight 1b 3a
computer: Knight 4b 2a
player: Queen 1d 2c
computer: Knight 2a 3c
player: Queen 2c 3c
computer: Pawn 7d 5d
player: Pawn 2d 4d
computer: Queen 8d 7e
player: Pawn 4c 5d
computer: Queen 7e 3a
player: Queen 3c 3a
computer: Bishop 8f 3a
player: Pawn 5d 6e
computer: Bishop 3a 8f
player: Knight 1g 3f
computer: Pawn 7h 6h
player: Rook 1h 1g
computer: King 8e 7e
player: Pawn 2g 4g
computer: Bishop 8c 6e
player: Bishop 1f 2g
computer: Bishop 6e 4g
player: King 1e 1f
computer: Bishop 4g 5h
player: King 1f 1e
computer: King 7e 8e
player: King 1e 1d
computer: Bishop 8f 4b
player: King 1d 2c
computer: King 8e 8d
player: Rook 1g 1b
computer: Bishop 4b 8f
player: Pawn 5b 6b
computer: Pawn 7c 6b
player: Rook 1b 6b
computer: King 8d 7c
player: Rook 6b 7b
computer: King 7c 7b
