computer: Pawn 7c 5c
player: Pawn 2c 4c
computer: Pawn 7d 6d
player: Pawn 2d 4d
computer: Pawn 7f 5f
player: Pawn 4d 5c
computer: Queen 8d 5a
player: Pawn 2b 4b
computer: Queen 5a 2a
player: Rook 1a 2a
computer: King 8e 7f
player: Rook 2a 7a
computer: Pawn 7e 6e
player: Rook 7a 8a
computer: Pawn 5f 4f
player: Rook 8a 8b
computer: Knight 8g 6f
player: Rook 8b 8c
computer: Pawn 7b 6b
player: Rook 8c 6c
computer: Knight 6f 8g
player: Rook 6c 6b
computer: Pawn 4f 3f
player: Rook 6b 6d
computer: Knight 8g 7e
player: Rook 6d 6e
computer: Knight 7e 5d
player: Pawn 4c 5d
computer: Bishop 8f 7e
player: Rook 6e 7e
computer: King 7f 7e
player: Pawn 5c 6c
computer: Pawn 7g 6g
player: Pawn 6c 7c
computer: Rook 8h 8d
player: 7c 8d
computer: King 7e 8d
player: Pawn 4b 5b
computer: King 8d 7d
player: Pawn 5b 6b
computer: Pawn 6g 5g
player: Pawn 6b 7b
computer: King 7d 8d
player: 7b 8b
computer: King 8d 7e
player: Pawn 5d 6d
computer: King 7e 7d
player: Pawn 2g 3f
computer: King 7d 6e
player: Pawn 3f 4f
computer: Pawn 5g 4f
player: Pawn 2e 3e
computer: Pawn 4f 3e
player: Pawn 2f 3e
computer: Pawn 7h 5h
player: Pawn 6d 7d
computer: Pawn 5h 4h
player: 7d 8d
computer: King 6e 5f
player: Queen 8d 8e
computer: King 5f 6f
player: Pawn 3e 4e
computer: King 6f 7g
player: Pawn 4e 5e
computer: Pawn 4h 3h
player: Pawn 5e 6e
computer: King 7g 6f
player: Pawn 6e 7e
computer: King 6f 7g
player: Queen 8e 8d
computer: King 7g 7h
player: 7e 8e
computer: King 7h 7g
player: Queen 1d 7d
player won!
